{
  "reportTitle": "RevPrepTester",
  "stats": {
    "suites": 1,
    "tests": 2,
    "passes": 1,
    "pending": 0,
    "failures": 1,
    "start": "2019-02-28T21:11:29.010Z",
    "end": "2019-02-28T21:12:37.854Z",
    "duration": 68844,
    "testsRegistered": 2,
    "passPercent": 50,
    "pendingPercent": 0,
    "other": 0,
    "hasOther": false,
    "skipped": 0,
    "hasSkipped": false,
    "passPercentClass": "danger",
    "pendingPercentClass": "danger"
  },
  "suites": {
    "title": "",
    "suites": [
      {
        "title": "Admin Retail purchase scenarios - chrome",
        "suites": [],
        "tests": [
          {
            "title": "Membership can be purchased and is charged properly",
            "fullTitle": "Admin Retail purchase scenarios - chrome Membership can be purchased and is charged properly",
            "timedOut": false,
            "duration": 33359,
            "state": "failed",
            "pass": false,
            "fail": true,
            "pending": false,
            "code": "",
            "err": {
              "name": "AssertionError",
              "message": "The user was not charged $99: expected '-$99.00' to equal '-DELETEME$99.00'",
              "expected": "-DELETEME$99.00",
              "actual": "-$99.00",
              "stack": "AssertionError: The user was not charged $<span class=\"hljs-number\">99</span>: expected <span class=\"hljs-string\">'-$99.00'</span> to equal <span class=\"hljs-string\">'-DELETEME$99.00'</span><br>    at getBasePromise.then.then.newArgs (node_modules\\chai-<span class=\"hljs-keyword\">as</span>-promised\\lib\\chai-<span class=\"hljs-keyword\">as</span>-promised.js:<span class=\"hljs-number\">302</span>:<span class=\"hljs-number\">22</span>)<br>    at ManagedPromise.invokeCallback_ (node_modules\\selenium-webdriver\\lib\\promise.js:<span class=\"hljs-number\">1376</span>:<span class=\"hljs-number\">14</span>)<br>    at TaskQueue.execute_ (node_modules\\selenium-webdriver\\lib\\promise.js:<span class=\"hljs-number\">3084</span>:<span class=\"hljs-number\">14</span>)<br>    at TaskQueue.executeNext_ (node_modules\\selenium-webdriver\\lib\\promise.js:<span class=\"hljs-number\">3067</span>:<span class=\"hljs-number\">27</span>)<br>    at asyncRun (node_modules\\selenium-webdriver\\lib\\promise.js:<span class=\"hljs-number\">2927</span>:<span class=\"hljs-number\">27</span>)<br>    at E:\\RevPrepTester\\node_modules\\selenium-webdriver\\lib\\promise.js:<span class=\"hljs-number\">668</span>:<span class=\"hljs-number\">7</span><br>    at &lt;anonymous&gt;<br>    at process._tickCallback (internal/process/next_tick.js:<span class=\"hljs-number\">188</span>:<span class=\"hljs-number\">7</span>)<br>From: Task: Admin Retail purchase scenarios - chrome Membership can be purchased and is charged properly<br>    at Context.ret (node_modules\\selenium-webdriver\\testing\\index.js:<span class=\"hljs-number\">182</span>:<span class=\"hljs-number\">10</span>)"
            },
            "isRoot": false,
            "uuid": "227f3db9-b0da-4a62-a31a-8e854d2a0c82",
            "parentUUID": "67bdccae-6bb9-4f9e-bf65-99bd703e5416",
            "skipped": false
          },
          {
            "title": "A+ Habits can be purchased and is charged properly",
            "fullTitle": "Admin Retail purchase scenarios - chrome A+ Habits can be purchased and is charged properly",
            "timedOut": false,
            "duration": 35463,
            "state": "passed",
            "speed": "slow",
            "pass": true,
            "fail": false,
            "pending": false,
            "code": "",
            "isRoot": false,
            "uuid": "5aafbaf3-ace5-448a-b5e6-127e3fc7a966",
            "parentUUID": "67bdccae-6bb9-4f9e-bf65-99bd703e5416",
            "skipped": false
          }
        ],
        "pending": [],
        "root": false,
        "_timeout": 60000,
        "file": "\\test\\purchasing.js",
        "uuid": "67bdccae-6bb9-4f9e-bf65-99bd703e5416",
        "fullFile": "E:\\RevPrepTester\\test\\purchasing.js",
        "passes": [
          {
            "title": "A+ Habits can be purchased and is charged properly",
            "fullTitle": "Admin Retail purchase scenarios - chrome A+ Habits can be purchased and is charged properly",
            "timedOut": false,
            "duration": 35463,
            "state": "passed",
            "speed": "slow",
            "pass": true,
            "fail": false,
            "pending": false,
            "code": "",
            "isRoot": false,
            "uuid": "5aafbaf3-ace5-448a-b5e6-127e3fc7a966",
            "parentUUID": "67bdccae-6bb9-4f9e-bf65-99bd703e5416",
            "skipped": false
          }
        ],
        "failures": [
          {
            "title": "Membership can be purchased and is charged properly",
            "fullTitle": "Admin Retail purchase scenarios - chrome Membership can be purchased and is charged properly",
            "timedOut": false,
            "duration": 33359,
            "state": "failed",
            "pass": false,
            "fail": true,
            "pending": false,
            "code": "",
            "err": {
              "name": "AssertionError",
              "message": "The user was not charged $99: expected '-$99.00' to equal '-DELETEME$99.00'",
              "expected": "-DELETEME$99.00",
              "actual": "-$99.00",
              "stack": "AssertionError: The user was not charged $<span class=\"hljs-number\">99</span>: expected <span class=\"hljs-string\">'-$99.00'</span> to equal <span class=\"hljs-string\">'-DELETEME$99.00'</span><br>    at getBasePromise.then.then.newArgs (node_modules\\chai-<span class=\"hljs-keyword\">as</span>-promised\\lib\\chai-<span class=\"hljs-keyword\">as</span>-promised.js:<span class=\"hljs-number\">302</span>:<span class=\"hljs-number\">22</span>)<br>    at ManagedPromise.invokeCallback_ (node_modules\\selenium-webdriver\\lib\\promise.js:<span class=\"hljs-number\">1376</span>:<span class=\"hljs-number\">14</span>)<br>    at TaskQueue.execute_ (node_modules\\selenium-webdriver\\lib\\promise.js:<span class=\"hljs-number\">3084</span>:<span class=\"hljs-number\">14</span>)<br>    at TaskQueue.executeNext_ (node_modules\\selenium-webdriver\\lib\\promise.js:<span class=\"hljs-number\">3067</span>:<span class=\"hljs-number\">27</span>)<br>    at asyncRun (node_modules\\selenium-webdriver\\lib\\promise.js:<span class=\"hljs-number\">2927</span>:<span class=\"hljs-number\">27</span>)<br>    at E:\\RevPrepTester\\node_modules\\selenium-webdriver\\lib\\promise.js:<span class=\"hljs-number\">668</span>:<span class=\"hljs-number\">7</span><br>    at &lt;anonymous&gt;<br>    at process._tickCallback (internal/process/next_tick.js:<span class=\"hljs-number\">188</span>:<span class=\"hljs-number\">7</span>)<br>From: Task: Admin Retail purchase scenarios - chrome Membership can be purchased and is charged properly<br>    at Context.ret (node_modules\\selenium-webdriver\\testing\\index.js:<span class=\"hljs-number\">182</span>:<span class=\"hljs-number\">10</span>)"
            },
            "isRoot": false,
            "uuid": "227f3db9-b0da-4a62-a31a-8e854d2a0c82",
            "parentUUID": "67bdccae-6bb9-4f9e-bf65-99bd703e5416",
            "skipped": false
          }
        ],
        "skipped": [],
        "hasTests": true,
        "hasSuites": false,
        "totalTests": 2,
        "totalPasses": 1,
        "totalFailures": 1,
        "totalPending": 0,
        "totalSkipped": 0,
        "hasPasses": true,
        "hasFailures": true,
        "hasPending": false,
        "hasSkipped": false,
        "duration": 68822
      }
    ],
    "tests": [],
    "pending": [],
    "root": true,
    "_timeout": 2000,
    "uuid": "46031031-c535-4b27-97aa-07550c49a33c",
    "fullFile": "",
    "file": "",
    "passes": [],
    "failures": [],
    "skipped": [],
    "hasTests": false,
    "hasSuites": true,
    "totalTests": 0,
    "totalPasses": 0,
    "totalFailures": 0,
    "totalPending": 0,
    "totalSkipped": 0,
    "hasPasses": false,
    "hasFailures": false,
    "hasPending": false,
    "hasSkipped": false,
    "duration": 0,
    "rootEmpty": true
  },
  "allTests": [
    {
      "title": "Membership can be purchased and is charged properly",
      "fullTitle": "Admin Retail purchase scenarios - chrome Membership can be purchased and is charged properly",
      "timedOut": false,
      "duration": 33359,
      "state": "failed",
      "pass": false,
      "fail": true,
      "pending": false,
      "code": "",
      "err": {
        "name": "AssertionError",
        "message": "The user was not charged $99: expected '-$99.00' to equal '-DELETEME$99.00'",
        "expected": "-DELETEME$99.00",
        "actual": "-$99.00",
        "stack": "AssertionError: The user was not charged $<span class=\"hljs-number\">99</span>: expected <span class=\"hljs-string\">'-$99.00'</span> to equal <span class=\"hljs-string\">'-DELETEME$99.00'</span><br>    at getBasePromise.then.then.newArgs (node_modules\\chai-<span class=\"hljs-keyword\">as</span>-promised\\lib\\chai-<span class=\"hljs-keyword\">as</span>-promised.js:<span class=\"hljs-number\">302</span>:<span class=\"hljs-number\">22</span>)<br>    at ManagedPromise.invokeCallback_ (node_modules\\selenium-webdriver\\lib\\promise.js:<span class=\"hljs-number\">1376</span>:<span class=\"hljs-number\">14</span>)<br>    at TaskQueue.execute_ (node_modules\\selenium-webdriver\\lib\\promise.js:<span class=\"hljs-number\">3084</span>:<span class=\"hljs-number\">14</span>)<br>    at TaskQueue.executeNext_ (node_modules\\selenium-webdriver\\lib\\promise.js:<span class=\"hljs-number\">3067</span>:<span class=\"hljs-number\">27</span>)<br>    at asyncRun (node_modules\\selenium-webdriver\\lib\\promise.js:<span class=\"hljs-number\">2927</span>:<span class=\"hljs-number\">27</span>)<br>    at E:\\RevPrepTester\\node_modules\\selenium-webdriver\\lib\\promise.js:<span class=\"hljs-number\">668</span>:<span class=\"hljs-number\">7</span><br>    at &lt;anonymous&gt;<br>    at process._tickCallback (internal/process/next_tick.js:<span class=\"hljs-number\">188</span>:<span class=\"hljs-number\">7</span>)<br>From: Task: Admin Retail purchase scenarios - chrome Membership can be purchased and is charged properly<br>    at Context.ret (node_modules\\selenium-webdriver\\testing\\index.js:<span class=\"hljs-number\">182</span>:<span class=\"hljs-number\">10</span>)"
      },
      "isRoot": false,
      "uuid": "ab4eea75-1367-416a-9f0c-d1ffa469d63f",
      "parentUUID": "67bdccae-6bb9-4f9e-bf65-99bd703e5416",
      "skipped": false
    },
    {
      "title": "A+ Habits can be purchased and is charged properly",
      "fullTitle": "Admin Retail purchase scenarios - chrome A+ Habits can be purchased and is charged properly",
      "timedOut": false,
      "duration": 35463,
      "state": "passed",
      "speed": "slow",
      "pass": true,
      "fail": false,
      "pending": false,
      "code": "",
      "isRoot": false,
      "uuid": "36e6d748-4fb2-46fe-b6a9-bf3ea81a7c9e",
      "parentUUID": "67bdccae-6bb9-4f9e-bf65-99bd703e5416",
      "skipped": false
    }
  ],
  "allHooks": [
    {
      "title": "\"before each\" hook",
      "body": "function (){\r\n      page = new Page(browser);\r\n      page.driver.manage().window().setPosition(0, 0);\r\n      page.driver.manage().window().setSize(1600,1080);\r\n      page.visit('https://admin.rev-prep.com/login');\r\n      page.loginAdmin(username,password)\r\n      .then(() => sleep(5000))\r\n    }",
      "async": 0,
      "sync": true,
      "_timeout": 60000,
      "_slow": 75,
      "_enableTimeouts": true,
      "timedOut": false,
      "_retries": -1,
      "_currentRetry": 0,
      "pending": false,
      "type": "hook",
      "parent": {
        "title": "Admin Retail purchase scenarios - chrome",
        "suites": [],
        "tests": [
          {
            "title": "Membership can be purchased and is charged properly",
            "fullTitle": "Admin Retail purchase scenarios - chrome Membership can be purchased and is charged properly",
            "timedOut": false,
            "duration": 33359,
            "state": "failed",
            "pass": false,
            "fail": true,
            "pending": false,
            "code": "",
            "err": {
              "name": "AssertionError",
              "message": "The user was not charged $99: expected '-$99.00' to equal '-DELETEME$99.00'",
              "expected": "-DELETEME$99.00",
              "actual": "-$99.00",
              "stack": "AssertionError: The user was not charged $<span class=\"hljs-number\">99</span>: expected <span class=\"hljs-string\">'-$99.00'</span> to equal <span class=\"hljs-string\">'-DELETEME$99.00'</span><br>    at getBasePromise.then.then.newArgs (node_modules\\chai-<span class=\"hljs-keyword\">as</span>-promised\\lib\\chai-<span class=\"hljs-keyword\">as</span>-promised.js:<span class=\"hljs-number\">302</span>:<span class=\"hljs-number\">22</span>)<br>    at ManagedPromise.invokeCallback_ (node_modules\\selenium-webdriver\\lib\\promise.js:<span class=\"hljs-number\">1376</span>:<span class=\"hljs-number\">14</span>)<br>    at TaskQueue.execute_ (node_modules\\selenium-webdriver\\lib\\promise.js:<span class=\"hljs-number\">3084</span>:<span class=\"hljs-number\">14</span>)<br>    at TaskQueue.executeNext_ (node_modules\\selenium-webdriver\\lib\\promise.js:<span class=\"hljs-number\">3067</span>:<span class=\"hljs-number\">27</span>)<br>    at asyncRun (node_modules\\selenium-webdriver\\lib\\promise.js:<span class=\"hljs-number\">2927</span>:<span class=\"hljs-number\">27</span>)<br>    at E:\\RevPrepTester\\node_modules\\selenium-webdriver\\lib\\promise.js:<span class=\"hljs-number\">668</span>:<span class=\"hljs-number\">7</span><br>    at &lt;anonymous&gt;<br>    at process._tickCallback (internal/process/next_tick.js:<span class=\"hljs-number\">188</span>:<span class=\"hljs-number\">7</span>)<br>From: Task: Admin Retail purchase scenarios - chrome Membership can be purchased and is charged properly<br>    at Context.ret (node_modules\\selenium-webdriver\\testing\\index.js:<span class=\"hljs-number\">182</span>:<span class=\"hljs-number\">10</span>)"
            },
            "isRoot": false,
            "uuid": "227f3db9-b0da-4a62-a31a-8e854d2a0c82",
            "parentUUID": "67bdccae-6bb9-4f9e-bf65-99bd703e5416",
            "skipped": false
          },
          {
            "title": "A+ Habits can be purchased and is charged properly",
            "fullTitle": "Admin Retail purchase scenarios - chrome A+ Habits can be purchased and is charged properly",
            "timedOut": false,
            "duration": 35463,
            "state": "passed",
            "speed": "slow",
            "pass": true,
            "fail": false,
            "pending": false,
            "code": "",
            "isRoot": false,
            "uuid": "5aafbaf3-ace5-448a-b5e6-127e3fc7a966",
            "parentUUID": "67bdccae-6bb9-4f9e-bf65-99bd703e5416",
            "skipped": false
          }
        ],
        "pending": [],
        "root": false,
        "_timeout": 60000,
        "file": "\\test\\purchasing.js",
        "uuid": "67bdccae-6bb9-4f9e-bf65-99bd703e5416",
        "fullFile": "E:\\RevPrepTester\\test\\purchasing.js",
        "passes": [
          {
            "title": "A+ Habits can be purchased and is charged properly",
            "fullTitle": "Admin Retail purchase scenarios - chrome A+ Habits can be purchased and is charged properly",
            "timedOut": false,
            "duration": 35463,
            "state": "passed",
            "speed": "slow",
            "pass": true,
            "fail": false,
            "pending": false,
            "code": "",
            "isRoot": false,
            "uuid": "5aafbaf3-ace5-448a-b5e6-127e3fc7a966",
            "parentUUID": "67bdccae-6bb9-4f9e-bf65-99bd703e5416",
            "skipped": false
          }
        ],
        "failures": [
          {
            "title": "Membership can be purchased and is charged properly",
            "fullTitle": "Admin Retail purchase scenarios - chrome Membership can be purchased and is charged properly",
            "timedOut": false,
            "duration": 33359,
            "state": "failed",
            "pass": false,
            "fail": true,
            "pending": false,
            "code": "",
            "err": {
              "name": "AssertionError",
              "message": "The user was not charged $99: expected '-$99.00' to equal '-DELETEME$99.00'",
              "expected": "-DELETEME$99.00",
              "actual": "-$99.00",
              "stack": "AssertionError: The user was not charged $<span class=\"hljs-number\">99</span>: expected <span class=\"hljs-string\">'-$99.00'</span> to equal <span class=\"hljs-string\">'-DELETEME$99.00'</span><br>    at getBasePromise.then.then.newArgs (node_modules\\chai-<span class=\"hljs-keyword\">as</span>-promised\\lib\\chai-<span class=\"hljs-keyword\">as</span>-promised.js:<span class=\"hljs-number\">302</span>:<span class=\"hljs-number\">22</span>)<br>    at ManagedPromise.invokeCallback_ (node_modules\\selenium-webdriver\\lib\\promise.js:<span class=\"hljs-number\">1376</span>:<span class=\"hljs-number\">14</span>)<br>    at TaskQueue.execute_ (node_modules\\selenium-webdriver\\lib\\promise.js:<span class=\"hljs-number\">3084</span>:<span class=\"hljs-number\">14</span>)<br>    at TaskQueue.executeNext_ (node_modules\\selenium-webdriver\\lib\\promise.js:<span class=\"hljs-number\">3067</span>:<span class=\"hljs-number\">27</span>)<br>    at asyncRun (node_modules\\selenium-webdriver\\lib\\promise.js:<span class=\"hljs-number\">2927</span>:<span class=\"hljs-number\">27</span>)<br>    at E:\\RevPrepTester\\node_modules\\selenium-webdriver\\lib\\promise.js:<span class=\"hljs-number\">668</span>:<span class=\"hljs-number\">7</span><br>    at &lt;anonymous&gt;<br>    at process._tickCallback (internal/process/next_tick.js:<span class=\"hljs-number\">188</span>:<span class=\"hljs-number\">7</span>)<br>From: Task: Admin Retail purchase scenarios - chrome Membership can be purchased and is charged properly<br>    at Context.ret (node_modules\\selenium-webdriver\\testing\\index.js:<span class=\"hljs-number\">182</span>:<span class=\"hljs-number\">10</span>)"
            },
            "isRoot": false,
            "uuid": "227f3db9-b0da-4a62-a31a-8e854d2a0c82",
            "parentUUID": "67bdccae-6bb9-4f9e-bf65-99bd703e5416",
            "skipped": false
          }
        ],
        "skipped": [],
        "hasTests": true,
        "hasSuites": false,
        "totalTests": 2,
        "totalPasses": 1,
        "totalFailures": 1,
        "totalPending": 0,
        "totalSkipped": 0,
        "hasPasses": true,
        "hasFailures": true,
        "hasPending": false,
        "hasSkipped": false,
        "duration": 68822
      },
      "ctx": {
        "_runnable": {
          "title": "\"after each\" hook",
          "body": "function (){\r\n      if (this.currentTest.state == 'failed') {\r\n        addContext(this, 'this is some context after a fail');\r\n        addContext(this, 'mochawesome-report/screenshots/'+this.test.title.replace(/ /g,\"_\")+'.png');\r\n      page.screenshot(this.test.title.replace(/ /g,\"_\"))\r\n    }\r\n      if(Dev){\r\n        return\r\n      }\r\n      page.quit();\r\n    }",
          "async": 0,
          "sync": true,
          "_timeout": 60000,
          "_slow": 75,
          "_enableTimeouts": true,
          "timedOut": false,
          "_retries": -1,
          "_currentRetry": 0,
          "pending": false,
          "type": "hook",
          "parent": {
            "title": "Admin Retail purchase scenarios - chrome",
            "suites": [],
            "tests": [
              {
                "title": "Membership can be purchased and is charged properly",
                "fullTitle": "Admin Retail purchase scenarios - chrome Membership can be purchased and is charged properly",
                "timedOut": false,
                "duration": 33359,
                "state": "failed",
                "pass": false,
                "fail": true,
                "pending": false,
                "code": "",
                "err": {
                  "name": "AssertionError",
                  "message": "The user was not charged $99: expected '-$99.00' to equal '-DELETEME$99.00'",
                  "expected": "-DELETEME$99.00",
                  "actual": "-$99.00",
                  "stack": "AssertionError: The user was not charged $<span class=\"hljs-number\">99</span>: expected <span class=\"hljs-string\">'-$99.00'</span> to equal <span class=\"hljs-string\">'-DELETEME$99.00'</span><br>    at getBasePromise.then.then.newArgs (node_modules\\chai-<span class=\"hljs-keyword\">as</span>-promised\\lib\\chai-<span class=\"hljs-keyword\">as</span>-promised.js:<span class=\"hljs-number\">302</span>:<span class=\"hljs-number\">22</span>)<br>    at ManagedPromise.invokeCallback_ (node_modules\\selenium-webdriver\\lib\\promise.js:<span class=\"hljs-number\">1376</span>:<span class=\"hljs-number\">14</span>)<br>    at TaskQueue.execute_ (node_modules\\selenium-webdriver\\lib\\promise.js:<span class=\"hljs-number\">3084</span>:<span class=\"hljs-number\">14</span>)<br>    at TaskQueue.executeNext_ (node_modules\\selenium-webdriver\\lib\\promise.js:<span class=\"hljs-number\">3067</span>:<span class=\"hljs-number\">27</span>)<br>    at asyncRun (node_modules\\selenium-webdriver\\lib\\promise.js:<span class=\"hljs-number\">2927</span>:<span class=\"hljs-number\">27</span>)<br>    at E:\\RevPrepTester\\node_modules\\selenium-webdriver\\lib\\promise.js:<span class=\"hljs-number\">668</span>:<span class=\"hljs-number\">7</span><br>    at &lt;anonymous&gt;<br>    at process._tickCallback (internal/process/next_tick.js:<span class=\"hljs-number\">188</span>:<span class=\"hljs-number\">7</span>)<br>From: Task: Admin Retail purchase scenarios - chrome Membership can be purchased and is charged properly<br>    at Context.ret (node_modules\\selenium-webdriver\\testing\\index.js:<span class=\"hljs-number\">182</span>:<span class=\"hljs-number\">10</span>)"
                },
                "isRoot": false,
                "uuid": "227f3db9-b0da-4a62-a31a-8e854d2a0c82",
                "parentUUID": "67bdccae-6bb9-4f9e-bf65-99bd703e5416",
                "skipped": false
              },
              {
                "title": "A+ Habits can be purchased and is charged properly",
                "fullTitle": "Admin Retail purchase scenarios - chrome A+ Habits can be purchased and is charged properly",
                "timedOut": false,
                "duration": 35463,
                "state": "passed",
                "speed": "slow",
                "pass": true,
                "fail": false,
                "pending": false,
                "code": "",
                "isRoot": false,
                "uuid": "5aafbaf3-ace5-448a-b5e6-127e3fc7a966",
                "parentUUID": "67bdccae-6bb9-4f9e-bf65-99bd703e5416",
                "skipped": false
              }
            ],
            "pending": [],
            "root": false,
            "_timeout": 60000,
            "file": "\\test\\purchasing.js",
            "uuid": "67bdccae-6bb9-4f9e-bf65-99bd703e5416",
            "fullFile": "E:\\RevPrepTester\\test\\purchasing.js",
            "passes": [
              {
                "title": "A+ Habits can be purchased and is charged properly",
                "fullTitle": "Admin Retail purchase scenarios - chrome A+ Habits can be purchased and is charged properly",
                "timedOut": false,
                "duration": 35463,
                "state": "passed",
                "speed": "slow",
                "pass": true,
                "fail": false,
                "pending": false,
                "code": "",
                "isRoot": false,
                "uuid": "5aafbaf3-ace5-448a-b5e6-127e3fc7a966",
                "parentUUID": "67bdccae-6bb9-4f9e-bf65-99bd703e5416",
                "skipped": false
              }
            ],
            "failures": [
              {
                "title": "Membership can be purchased and is charged properly",
                "fullTitle": "Admin Retail purchase scenarios - chrome Membership can be purchased and is charged properly",
                "timedOut": false,
                "duration": 33359,
                "state": "failed",
                "pass": false,
                "fail": true,
                "pending": false,
                "code": "",
                "err": {
                  "name": "AssertionError",
                  "message": "The user was not charged $99: expected '-$99.00' to equal '-DELETEME$99.00'",
                  "expected": "-DELETEME$99.00",
                  "actual": "-$99.00",
                  "stack": "AssertionError: The user was not charged $<span class=\"hljs-number\">99</span>: expected <span class=\"hljs-string\">'-$99.00'</span> to equal <span class=\"hljs-string\">'-DELETEME$99.00'</span><br>    at getBasePromise.then.then.newArgs (node_modules\\chai-<span class=\"hljs-keyword\">as</span>-promised\\lib\\chai-<span class=\"hljs-keyword\">as</span>-promised.js:<span class=\"hljs-number\">302</span>:<span class=\"hljs-number\">22</span>)<br>    at ManagedPromise.invokeCallback_ (node_modules\\selenium-webdriver\\lib\\promise.js:<span class=\"hljs-number\">1376</span>:<span class=\"hljs-number\">14</span>)<br>    at TaskQueue.execute_ (node_modules\\selenium-webdriver\\lib\\promise.js:<span class=\"hljs-number\">3084</span>:<span class=\"hljs-number\">14</span>)<br>    at TaskQueue.executeNext_ (node_modules\\selenium-webdriver\\lib\\promise.js:<span class=\"hljs-number\">3067</span>:<span class=\"hljs-number\">27</span>)<br>    at asyncRun (node_modules\\selenium-webdriver\\lib\\promise.js:<span class=\"hljs-number\">2927</span>:<span class=\"hljs-number\">27</span>)<br>    at E:\\RevPrepTester\\node_modules\\selenium-webdriver\\lib\\promise.js:<span class=\"hljs-number\">668</span>:<span class=\"hljs-number\">7</span><br>    at &lt;anonymous&gt;<br>    at process._tickCallback (internal/process/next_tick.js:<span class=\"hljs-number\">188</span>:<span class=\"hljs-number\">7</span>)<br>From: Task: Admin Retail purchase scenarios - chrome Membership can be purchased and is charged properly<br>    at Context.ret (node_modules\\selenium-webdriver\\testing\\index.js:<span class=\"hljs-number\">182</span>:<span class=\"hljs-number\">10</span>)"
                },
                "isRoot": false,
                "uuid": "227f3db9-b0da-4a62-a31a-8e854d2a0c82",
                "parentUUID": "67bdccae-6bb9-4f9e-bf65-99bd703e5416",
                "skipped": false
              }
            ],
            "skipped": [],
            "hasTests": true,
            "hasSuites": false,
            "totalTests": 2,
            "totalPasses": 1,
            "totalFailures": 1,
            "totalPending": 0,
            "totalSkipped": 0,
            "hasPasses": true,
            "hasFailures": true,
            "hasPending": false,
            "hasSkipped": false,
            "duration": 68822
          },
          "ctx": "[Circular ~.allHooks.0.ctx]",
          "file": "E:\\RevPrepTester\\test\\purchasing.js",
          "_events": {},
          "_eventsCount": 1,
          "duration": 0,
          "_error": null
        },
        "test": {
          "title": "\"after each\" hook",
          "body": "function (){\r\n      if (this.currentTest.state == 'failed') {\r\n        addContext(this, 'this is some context after a fail');\r\n        addContext(this, 'mochawesome-report/screenshots/'+this.test.title.replace(/ /g,\"_\")+'.png');\r\n      page.screenshot(this.test.title.replace(/ /g,\"_\"))\r\n    }\r\n      if(Dev){\r\n        return\r\n      }\r\n      page.quit();\r\n    }",
          "async": 0,
          "sync": true,
          "_timeout": 60000,
          "_slow": 75,
          "_enableTimeouts": true,
          "timedOut": false,
          "_retries": -1,
          "_currentRetry": 0,
          "pending": false,
          "type": "hook",
          "parent": {
            "title": "Admin Retail purchase scenarios - chrome",
            "suites": [],
            "tests": [
              {
                "title": "Membership can be purchased and is charged properly",
                "fullTitle": "Admin Retail purchase scenarios - chrome Membership can be purchased and is charged properly",
                "timedOut": false,
                "duration": 33359,
                "state": "failed",
                "pass": false,
                "fail": true,
                "pending": false,
                "code": "",
                "err": {
                  "name": "AssertionError",
                  "message": "The user was not charged $99: expected '-$99.00' to equal '-DELETEME$99.00'",
                  "expected": "-DELETEME$99.00",
                  "actual": "-$99.00",
                  "stack": "AssertionError: The user was not charged $<span class=\"hljs-number\">99</span>: expected <span class=\"hljs-string\">'-$99.00'</span> to equal <span class=\"hljs-string\">'-DELETEME$99.00'</span><br>    at getBasePromise.then.then.newArgs (node_modules\\chai-<span class=\"hljs-keyword\">as</span>-promised\\lib\\chai-<span class=\"hljs-keyword\">as</span>-promised.js:<span class=\"hljs-number\">302</span>:<span class=\"hljs-number\">22</span>)<br>    at ManagedPromise.invokeCallback_ (node_modules\\selenium-webdriver\\lib\\promise.js:<span class=\"hljs-number\">1376</span>:<span class=\"hljs-number\">14</span>)<br>    at TaskQueue.execute_ (node_modules\\selenium-webdriver\\lib\\promise.js:<span class=\"hljs-number\">3084</span>:<span class=\"hljs-number\">14</span>)<br>    at TaskQueue.executeNext_ (node_modules\\selenium-webdriver\\lib\\promise.js:<span class=\"hljs-number\">3067</span>:<span class=\"hljs-number\">27</span>)<br>    at asyncRun (node_modules\\selenium-webdriver\\lib\\promise.js:<span class=\"hljs-number\">2927</span>:<span class=\"hljs-number\">27</span>)<br>    at E:\\RevPrepTester\\node_modules\\selenium-webdriver\\lib\\promise.js:<span class=\"hljs-number\">668</span>:<span class=\"hljs-number\">7</span><br>    at &lt;anonymous&gt;<br>    at process._tickCallback (internal/process/next_tick.js:<span class=\"hljs-number\">188</span>:<span class=\"hljs-number\">7</span>)<br>From: Task: Admin Retail purchase scenarios - chrome Membership can be purchased and is charged properly<br>    at Context.ret (node_modules\\selenium-webdriver\\testing\\index.js:<span class=\"hljs-number\">182</span>:<span class=\"hljs-number\">10</span>)"
                },
                "isRoot": false,
                "uuid": "227f3db9-b0da-4a62-a31a-8e854d2a0c82",
                "parentUUID": "67bdccae-6bb9-4f9e-bf65-99bd703e5416",
                "skipped": false
              },
              {
                "title": "A+ Habits can be purchased and is charged properly",
                "fullTitle": "Admin Retail purchase scenarios - chrome A+ Habits can be purchased and is charged properly",
                "timedOut": false,
                "duration": 35463,
                "state": "passed",
                "speed": "slow",
                "pass": true,
                "fail": false,
                "pending": false,
                "code": "",
                "isRoot": false,
                "uuid": "5aafbaf3-ace5-448a-b5e6-127e3fc7a966",
                "parentUUID": "67bdccae-6bb9-4f9e-bf65-99bd703e5416",
                "skipped": false
              }
            ],
            "pending": [],
            "root": false,
            "_timeout": 60000,
            "file": "\\test\\purchasing.js",
            "uuid": "67bdccae-6bb9-4f9e-bf65-99bd703e5416",
            "fullFile": "E:\\RevPrepTester\\test\\purchasing.js",
            "passes": [
              {
                "title": "A+ Habits can be purchased and is charged properly",
                "fullTitle": "Admin Retail purchase scenarios - chrome A+ Habits can be purchased and is charged properly",
                "timedOut": false,
                "duration": 35463,
                "state": "passed",
                "speed": "slow",
                "pass": true,
                "fail": false,
                "pending": false,
                "code": "",
                "isRoot": false,
                "uuid": "5aafbaf3-ace5-448a-b5e6-127e3fc7a966",
                "parentUUID": "67bdccae-6bb9-4f9e-bf65-99bd703e5416",
                "skipped": false
              }
            ],
            "failures": [
              {
                "title": "Membership can be purchased and is charged properly",
                "fullTitle": "Admin Retail purchase scenarios - chrome Membership can be purchased and is charged properly",
                "timedOut": false,
                "duration": 33359,
                "state": "failed",
                "pass": false,
                "fail": true,
                "pending": false,
                "code": "",
                "err": {
                  "name": "AssertionError",
                  "message": "The user was not charged $99: expected '-$99.00' to equal '-DELETEME$99.00'",
                  "expected": "-DELETEME$99.00",
                  "actual": "-$99.00",
                  "stack": "AssertionError: The user was not charged $<span class=\"hljs-number\">99</span>: expected <span class=\"hljs-string\">'-$99.00'</span> to equal <span class=\"hljs-string\">'-DELETEME$99.00'</span><br>    at getBasePromise.then.then.newArgs (node_modules\\chai-<span class=\"hljs-keyword\">as</span>-promised\\lib\\chai-<span class=\"hljs-keyword\">as</span>-promised.js:<span class=\"hljs-number\">302</span>:<span class=\"hljs-number\">22</span>)<br>    at ManagedPromise.invokeCallback_ (node_modules\\selenium-webdriver\\lib\\promise.js:<span class=\"hljs-number\">1376</span>:<span class=\"hljs-number\">14</span>)<br>    at TaskQueue.execute_ (node_modules\\selenium-webdriver\\lib\\promise.js:<span class=\"hljs-number\">3084</span>:<span class=\"hljs-number\">14</span>)<br>    at TaskQueue.executeNext_ (node_modules\\selenium-webdriver\\lib\\promise.js:<span class=\"hljs-number\">3067</span>:<span class=\"hljs-number\">27</span>)<br>    at asyncRun (node_modules\\selenium-webdriver\\lib\\promise.js:<span class=\"hljs-number\">2927</span>:<span class=\"hljs-number\">27</span>)<br>    at E:\\RevPrepTester\\node_modules\\selenium-webdriver\\lib\\promise.js:<span class=\"hljs-number\">668</span>:<span class=\"hljs-number\">7</span><br>    at &lt;anonymous&gt;<br>    at process._tickCallback (internal/process/next_tick.js:<span class=\"hljs-number\">188</span>:<span class=\"hljs-number\">7</span>)<br>From: Task: Admin Retail purchase scenarios - chrome Membership can be purchased and is charged properly<br>    at Context.ret (node_modules\\selenium-webdriver\\testing\\index.js:<span class=\"hljs-number\">182</span>:<span class=\"hljs-number\">10</span>)"
                },
                "isRoot": false,
                "uuid": "227f3db9-b0da-4a62-a31a-8e854d2a0c82",
                "parentUUID": "67bdccae-6bb9-4f9e-bf65-99bd703e5416",
                "skipped": false
              }
            ],
            "skipped": [],
            "hasTests": true,
            "hasSuites": false,
            "totalTests": 2,
            "totalPasses": 1,
            "totalFailures": 1,
            "totalPending": 0,
            "totalSkipped": 0,
            "hasPasses": true,
            "hasFailures": true,
            "hasPending": false,
            "hasSkipped": false,
            "duration": 68822
          },
          "ctx": "[Circular ~.allHooks.0.ctx]",
          "file": "E:\\RevPrepTester\\test\\purchasing.js",
          "_events": {},
          "_eventsCount": 1,
          "duration": 0,
          "_error": null
        }
      },
      "file": "E:\\RevPrepTester\\test\\purchasing.js",
      "_events": {},
      "_eventsCount": 1,
      "duration": 1,
      "_error": null
    },
    {
      "title": "\"after each\" hook",
      "body": "function (){\r\n      if (this.currentTest.state == 'failed') {\r\n        addContext(this, 'this is some context after a fail');\r\n        addContext(this, 'mochawesome-report/screenshots/'+this.test.title.replace(/ /g,\"_\")+'.png');\r\n      page.screenshot(this.test.title.replace(/ /g,\"_\"))\r\n    }\r\n      if(Dev){\r\n        return\r\n      }\r\n      page.quit();\r\n    }",
      "async": 0,
      "sync": true,
      "_timeout": 60000,
      "_slow": 75,
      "_enableTimeouts": true,
      "timedOut": false,
      "_retries": -1,
      "_currentRetry": 0,
      "pending": false,
      "type": "hook",
      "parent": {
        "title": "Admin Retail purchase scenarios - chrome",
        "suites": [],
        "tests": [
          {
            "title": "Membership can be purchased and is charged properly",
            "fullTitle": "Admin Retail purchase scenarios - chrome Membership can be purchased and is charged properly",
            "timedOut": false,
            "duration": 33359,
            "state": "failed",
            "pass": false,
            "fail": true,
            "pending": false,
            "code": "",
            "err": {
              "name": "AssertionError",
              "message": "The user was not charged $99: expected '-$99.00' to equal '-DELETEME$99.00'",
              "expected": "-DELETEME$99.00",
              "actual": "-$99.00",
              "stack": "AssertionError: The user was not charged $<span class=\"hljs-number\">99</span>: expected <span class=\"hljs-string\">'-$99.00'</span> to equal <span class=\"hljs-string\">'-DELETEME$99.00'</span><br>    at getBasePromise.then.then.newArgs (node_modules\\chai-<span class=\"hljs-keyword\">as</span>-promised\\lib\\chai-<span class=\"hljs-keyword\">as</span>-promised.js:<span class=\"hljs-number\">302</span>:<span class=\"hljs-number\">22</span>)<br>    at ManagedPromise.invokeCallback_ (node_modules\\selenium-webdriver\\lib\\promise.js:<span class=\"hljs-number\">1376</span>:<span class=\"hljs-number\">14</span>)<br>    at TaskQueue.execute_ (node_modules\\selenium-webdriver\\lib\\promise.js:<span class=\"hljs-number\">3084</span>:<span class=\"hljs-number\">14</span>)<br>    at TaskQueue.executeNext_ (node_modules\\selenium-webdriver\\lib\\promise.js:<span class=\"hljs-number\">3067</span>:<span class=\"hljs-number\">27</span>)<br>    at asyncRun (node_modules\\selenium-webdriver\\lib\\promise.js:<span class=\"hljs-number\">2927</span>:<span class=\"hljs-number\">27</span>)<br>    at E:\\RevPrepTester\\node_modules\\selenium-webdriver\\lib\\promise.js:<span class=\"hljs-number\">668</span>:<span class=\"hljs-number\">7</span><br>    at &lt;anonymous&gt;<br>    at process._tickCallback (internal/process/next_tick.js:<span class=\"hljs-number\">188</span>:<span class=\"hljs-number\">7</span>)<br>From: Task: Admin Retail purchase scenarios - chrome Membership can be purchased and is charged properly<br>    at Context.ret (node_modules\\selenium-webdriver\\testing\\index.js:<span class=\"hljs-number\">182</span>:<span class=\"hljs-number\">10</span>)"
            },
            "isRoot": false,
            "uuid": "227f3db9-b0da-4a62-a31a-8e854d2a0c82",
            "parentUUID": "67bdccae-6bb9-4f9e-bf65-99bd703e5416",
            "skipped": false
          },
          {
            "title": "A+ Habits can be purchased and is charged properly",
            "fullTitle": "Admin Retail purchase scenarios - chrome A+ Habits can be purchased and is charged properly",
            "timedOut": false,
            "duration": 35463,
            "state": "passed",
            "speed": "slow",
            "pass": true,
            "fail": false,
            "pending": false,
            "code": "",
            "isRoot": false,
            "uuid": "5aafbaf3-ace5-448a-b5e6-127e3fc7a966",
            "parentUUID": "67bdccae-6bb9-4f9e-bf65-99bd703e5416",
            "skipped": false
          }
        ],
        "pending": [],
        "root": false,
        "_timeout": 60000,
        "file": "\\test\\purchasing.js",
        "uuid": "67bdccae-6bb9-4f9e-bf65-99bd703e5416",
        "fullFile": "E:\\RevPrepTester\\test\\purchasing.js",
        "passes": [
          {
            "title": "A+ Habits can be purchased and is charged properly",
            "fullTitle": "Admin Retail purchase scenarios - chrome A+ Habits can be purchased and is charged properly",
            "timedOut": false,
            "duration": 35463,
            "state": "passed",
            "speed": "slow",
            "pass": true,
            "fail": false,
            "pending": false,
            "code": "",
            "isRoot": false,
            "uuid": "5aafbaf3-ace5-448a-b5e6-127e3fc7a966",
            "parentUUID": "67bdccae-6bb9-4f9e-bf65-99bd703e5416",
            "skipped": false
          }
        ],
        "failures": [
          {
            "title": "Membership can be purchased and is charged properly",
            "fullTitle": "Admin Retail purchase scenarios - chrome Membership can be purchased and is charged properly",
            "timedOut": false,
            "duration": 33359,
            "state": "failed",
            "pass": false,
            "fail": true,
            "pending": false,
            "code": "",
            "err": {
              "name": "AssertionError",
              "message": "The user was not charged $99: expected '-$99.00' to equal '-DELETEME$99.00'",
              "expected": "-DELETEME$99.00",
              "actual": "-$99.00",
              "stack": "AssertionError: The user was not charged $<span class=\"hljs-number\">99</span>: expected <span class=\"hljs-string\">'-$99.00'</span> to equal <span class=\"hljs-string\">'-DELETEME$99.00'</span><br>    at getBasePromise.then.then.newArgs (node_modules\\chai-<span class=\"hljs-keyword\">as</span>-promised\\lib\\chai-<span class=\"hljs-keyword\">as</span>-promised.js:<span class=\"hljs-number\">302</span>:<span class=\"hljs-number\">22</span>)<br>    at ManagedPromise.invokeCallback_ (node_modules\\selenium-webdriver\\lib\\promise.js:<span class=\"hljs-number\">1376</span>:<span class=\"hljs-number\">14</span>)<br>    at TaskQueue.execute_ (node_modules\\selenium-webdriver\\lib\\promise.js:<span class=\"hljs-number\">3084</span>:<span class=\"hljs-number\">14</span>)<br>    at TaskQueue.executeNext_ (node_modules\\selenium-webdriver\\lib\\promise.js:<span class=\"hljs-number\">3067</span>:<span class=\"hljs-number\">27</span>)<br>    at asyncRun (node_modules\\selenium-webdriver\\lib\\promise.js:<span class=\"hljs-number\">2927</span>:<span class=\"hljs-number\">27</span>)<br>    at E:\\RevPrepTester\\node_modules\\selenium-webdriver\\lib\\promise.js:<span class=\"hljs-number\">668</span>:<span class=\"hljs-number\">7</span><br>    at &lt;anonymous&gt;<br>    at process._tickCallback (internal/process/next_tick.js:<span class=\"hljs-number\">188</span>:<span class=\"hljs-number\">7</span>)<br>From: Task: Admin Retail purchase scenarios - chrome Membership can be purchased and is charged properly<br>    at Context.ret (node_modules\\selenium-webdriver\\testing\\index.js:<span class=\"hljs-number\">182</span>:<span class=\"hljs-number\">10</span>)"
            },
            "isRoot": false,
            "uuid": "227f3db9-b0da-4a62-a31a-8e854d2a0c82",
            "parentUUID": "67bdccae-6bb9-4f9e-bf65-99bd703e5416",
            "skipped": false
          }
        ],
        "skipped": [],
        "hasTests": true,
        "hasSuites": false,
        "totalTests": 2,
        "totalPasses": 1,
        "totalFailures": 1,
        "totalPending": 0,
        "totalSkipped": 0,
        "hasPasses": true,
        "hasFailures": true,
        "hasPending": false,
        "hasSkipped": false,
        "duration": 68822
      },
      "ctx": {
        "_runnable": "[Circular ~.allHooks.1]",
        "test": "[Circular ~.allHooks.1]"
      },
      "file": "E:\\RevPrepTester\\test\\purchasing.js",
      "_events": {},
      "_eventsCount": 1,
      "duration": 0,
      "_error": null
    },
    {
      "title": "\"before each\" hook",
      "body": "function (){\r\n      page = new Page(browser);\r\n      page.driver.manage().window().setPosition(0, 0);\r\n      page.driver.manage().window().setSize(1600,1080);\r\n      page.visit('https://admin.rev-prep.com/login');\r\n      page.loginAdmin(username,password)\r\n      .then(() => sleep(5000))\r\n    }",
      "async": 0,
      "sync": true,
      "_timeout": 60000,
      "_slow": 75,
      "_enableTimeouts": true,
      "timedOut": false,
      "_retries": -1,
      "_currentRetry": 0,
      "pending": false,
      "type": "hook",
      "parent": {
        "title": "Admin Retail purchase scenarios - chrome",
        "suites": [],
        "tests": [
          {
            "title": "Membership can be purchased and is charged properly",
            "fullTitle": "Admin Retail purchase scenarios - chrome Membership can be purchased and is charged properly",
            "timedOut": false,
            "duration": 33359,
            "state": "failed",
            "pass": false,
            "fail": true,
            "pending": false,
            "code": "",
            "err": {
              "name": "AssertionError",
              "message": "The user was not charged $99: expected '-$99.00' to equal '-DELETEME$99.00'",
              "expected": "-DELETEME$99.00",
              "actual": "-$99.00",
              "stack": "AssertionError: The user was not charged $<span class=\"hljs-number\">99</span>: expected <span class=\"hljs-string\">'-$99.00'</span> to equal <span class=\"hljs-string\">'-DELETEME$99.00'</span><br>    at getBasePromise.then.then.newArgs (node_modules\\chai-<span class=\"hljs-keyword\">as</span>-promised\\lib\\chai-<span class=\"hljs-keyword\">as</span>-promised.js:<span class=\"hljs-number\">302</span>:<span class=\"hljs-number\">22</span>)<br>    at ManagedPromise.invokeCallback_ (node_modules\\selenium-webdriver\\lib\\promise.js:<span class=\"hljs-number\">1376</span>:<span class=\"hljs-number\">14</span>)<br>    at TaskQueue.execute_ (node_modules\\selenium-webdriver\\lib\\promise.js:<span class=\"hljs-number\">3084</span>:<span class=\"hljs-number\">14</span>)<br>    at TaskQueue.executeNext_ (node_modules\\selenium-webdriver\\lib\\promise.js:<span class=\"hljs-number\">3067</span>:<span class=\"hljs-number\">27</span>)<br>    at asyncRun (node_modules\\selenium-webdriver\\lib\\promise.js:<span class=\"hljs-number\">2927</span>:<span class=\"hljs-number\">27</span>)<br>    at E:\\RevPrepTester\\node_modules\\selenium-webdriver\\lib\\promise.js:<span class=\"hljs-number\">668</span>:<span class=\"hljs-number\">7</span><br>    at &lt;anonymous&gt;<br>    at process._tickCallback (internal/process/next_tick.js:<span class=\"hljs-number\">188</span>:<span class=\"hljs-number\">7</span>)<br>From: Task: Admin Retail purchase scenarios - chrome Membership can be purchased and is charged properly<br>    at Context.ret (node_modules\\selenium-webdriver\\testing\\index.js:<span class=\"hljs-number\">182</span>:<span class=\"hljs-number\">10</span>)"
            },
            "isRoot": false,
            "uuid": "227f3db9-b0da-4a62-a31a-8e854d2a0c82",
            "parentUUID": "67bdccae-6bb9-4f9e-bf65-99bd703e5416",
            "skipped": false
          },
          {
            "title": "A+ Habits can be purchased and is charged properly",
            "fullTitle": "Admin Retail purchase scenarios - chrome A+ Habits can be purchased and is charged properly",
            "timedOut": false,
            "duration": 35463,
            "state": "passed",
            "speed": "slow",
            "pass": true,
            "fail": false,
            "pending": false,
            "code": "",
            "isRoot": false,
            "uuid": "5aafbaf3-ace5-448a-b5e6-127e3fc7a966",
            "parentUUID": "67bdccae-6bb9-4f9e-bf65-99bd703e5416",
            "skipped": false
          }
        ],
        "pending": [],
        "root": false,
        "_timeout": 60000,
        "file": "\\test\\purchasing.js",
        "uuid": "67bdccae-6bb9-4f9e-bf65-99bd703e5416",
        "fullFile": "E:\\RevPrepTester\\test\\purchasing.js",
        "passes": [
          {
            "title": "A+ Habits can be purchased and is charged properly",
            "fullTitle": "Admin Retail purchase scenarios - chrome A+ Habits can be purchased and is charged properly",
            "timedOut": false,
            "duration": 35463,
            "state": "passed",
            "speed": "slow",
            "pass": true,
            "fail": false,
            "pending": false,
            "code": "",
            "isRoot": false,
            "uuid": "5aafbaf3-ace5-448a-b5e6-127e3fc7a966",
            "parentUUID": "67bdccae-6bb9-4f9e-bf65-99bd703e5416",
            "skipped": false
          }
        ],
        "failures": [
          {
            "title": "Membership can be purchased and is charged properly",
            "fullTitle": "Admin Retail purchase scenarios - chrome Membership can be purchased and is charged properly",
            "timedOut": false,
            "duration": 33359,
            "state": "failed",
            "pass": false,
            "fail": true,
            "pending": false,
            "code": "",
            "err": {
              "name": "AssertionError",
              "message": "The user was not charged $99: expected '-$99.00' to equal '-DELETEME$99.00'",
              "expected": "-DELETEME$99.00",
              "actual": "-$99.00",
              "stack": "AssertionError: The user was not charged $<span class=\"hljs-number\">99</span>: expected <span class=\"hljs-string\">'-$99.00'</span> to equal <span class=\"hljs-string\">'-DELETEME$99.00'</span><br>    at getBasePromise.then.then.newArgs (node_modules\\chai-<span class=\"hljs-keyword\">as</span>-promised\\lib\\chai-<span class=\"hljs-keyword\">as</span>-promised.js:<span class=\"hljs-number\">302</span>:<span class=\"hljs-number\">22</span>)<br>    at ManagedPromise.invokeCallback_ (node_modules\\selenium-webdriver\\lib\\promise.js:<span class=\"hljs-number\">1376</span>:<span class=\"hljs-number\">14</span>)<br>    at TaskQueue.execute_ (node_modules\\selenium-webdriver\\lib\\promise.js:<span class=\"hljs-number\">3084</span>:<span class=\"hljs-number\">14</span>)<br>    at TaskQueue.executeNext_ (node_modules\\selenium-webdriver\\lib\\promise.js:<span class=\"hljs-number\">3067</span>:<span class=\"hljs-number\">27</span>)<br>    at asyncRun (node_modules\\selenium-webdriver\\lib\\promise.js:<span class=\"hljs-number\">2927</span>:<span class=\"hljs-number\">27</span>)<br>    at E:\\RevPrepTester\\node_modules\\selenium-webdriver\\lib\\promise.js:<span class=\"hljs-number\">668</span>:<span class=\"hljs-number\">7</span><br>    at &lt;anonymous&gt;<br>    at process._tickCallback (internal/process/next_tick.js:<span class=\"hljs-number\">188</span>:<span class=\"hljs-number\">7</span>)<br>From: Task: Admin Retail purchase scenarios - chrome Membership can be purchased and is charged properly<br>    at Context.ret (node_modules\\selenium-webdriver\\testing\\index.js:<span class=\"hljs-number\">182</span>:<span class=\"hljs-number\">10</span>)"
            },
            "isRoot": false,
            "uuid": "227f3db9-b0da-4a62-a31a-8e854d2a0c82",
            "parentUUID": "67bdccae-6bb9-4f9e-bf65-99bd703e5416",
            "skipped": false
          }
        ],
        "skipped": [],
        "hasTests": true,
        "hasSuites": false,
        "totalTests": 2,
        "totalPasses": 1,
        "totalFailures": 1,
        "totalPending": 0,
        "totalSkipped": 0,
        "hasPasses": true,
        "hasFailures": true,
        "hasPending": false,
        "hasSkipped": false,
        "duration": 68822
      },
      "ctx": {
        "_runnable": {
          "title": "\"after each\" hook",
          "body": "function (){\r\n      if (this.currentTest.state == 'failed') {\r\n        addContext(this, 'this is some context after a fail');\r\n        addContext(this, 'mochawesome-report/screenshots/'+this.test.title.replace(/ /g,\"_\")+'.png');\r\n      page.screenshot(this.test.title.replace(/ /g,\"_\"))\r\n    }\r\n      if(Dev){\r\n        return\r\n      }\r\n      page.quit();\r\n    }",
          "async": 0,
          "sync": true,
          "_timeout": 60000,
          "_slow": 75,
          "_enableTimeouts": true,
          "timedOut": false,
          "_retries": -1,
          "_currentRetry": 0,
          "pending": false,
          "type": "hook",
          "parent": {
            "title": "Admin Retail purchase scenarios - chrome",
            "suites": [],
            "tests": [
              {
                "title": "Membership can be purchased and is charged properly",
                "fullTitle": "Admin Retail purchase scenarios - chrome Membership can be purchased and is charged properly",
                "timedOut": false,
                "duration": 33359,
                "state": "failed",
                "pass": false,
                "fail": true,
                "pending": false,
                "code": "",
                "err": {
                  "name": "AssertionError",
                  "message": "The user was not charged $99: expected '-$99.00' to equal '-DELETEME$99.00'",
                  "expected": "-DELETEME$99.00",
                  "actual": "-$99.00",
                  "stack": "AssertionError: The user was not charged $<span class=\"hljs-number\">99</span>: expected <span class=\"hljs-string\">'-$99.00'</span> to equal <span class=\"hljs-string\">'-DELETEME$99.00'</span><br>    at getBasePromise.then.then.newArgs (node_modules\\chai-<span class=\"hljs-keyword\">as</span>-promised\\lib\\chai-<span class=\"hljs-keyword\">as</span>-promised.js:<span class=\"hljs-number\">302</span>:<span class=\"hljs-number\">22</span>)<br>    at ManagedPromise.invokeCallback_ (node_modules\\selenium-webdriver\\lib\\promise.js:<span class=\"hljs-number\">1376</span>:<span class=\"hljs-number\">14</span>)<br>    at TaskQueue.execute_ (node_modules\\selenium-webdriver\\lib\\promise.js:<span class=\"hljs-number\">3084</span>:<span class=\"hljs-number\">14</span>)<br>    at TaskQueue.executeNext_ (node_modules\\selenium-webdriver\\lib\\promise.js:<span class=\"hljs-number\">3067</span>:<span class=\"hljs-number\">27</span>)<br>    at asyncRun (node_modules\\selenium-webdriver\\lib\\promise.js:<span class=\"hljs-number\">2927</span>:<span class=\"hljs-number\">27</span>)<br>    at E:\\RevPrepTester\\node_modules\\selenium-webdriver\\lib\\promise.js:<span class=\"hljs-number\">668</span>:<span class=\"hljs-number\">7</span><br>    at &lt;anonymous&gt;<br>    at process._tickCallback (internal/process/next_tick.js:<span class=\"hljs-number\">188</span>:<span class=\"hljs-number\">7</span>)<br>From: Task: Admin Retail purchase scenarios - chrome Membership can be purchased and is charged properly<br>    at Context.ret (node_modules\\selenium-webdriver\\testing\\index.js:<span class=\"hljs-number\">182</span>:<span class=\"hljs-number\">10</span>)"
                },
                "isRoot": false,
                "uuid": "227f3db9-b0da-4a62-a31a-8e854d2a0c82",
                "parentUUID": "67bdccae-6bb9-4f9e-bf65-99bd703e5416",
                "skipped": false
              },
              {
                "title": "A+ Habits can be purchased and is charged properly",
                "fullTitle": "Admin Retail purchase scenarios - chrome A+ Habits can be purchased and is charged properly",
                "timedOut": false,
                "duration": 35463,
                "state": "passed",
                "speed": "slow",
                "pass": true,
                "fail": false,
                "pending": false,
                "code": "",
                "isRoot": false,
                "uuid": "5aafbaf3-ace5-448a-b5e6-127e3fc7a966",
                "parentUUID": "67bdccae-6bb9-4f9e-bf65-99bd703e5416",
                "skipped": false
              }
            ],
            "pending": [],
            "root": false,
            "_timeout": 60000,
            "file": "\\test\\purchasing.js",
            "uuid": "67bdccae-6bb9-4f9e-bf65-99bd703e5416",
            "fullFile": "E:\\RevPrepTester\\test\\purchasing.js",
            "passes": [
              {
                "title": "A+ Habits can be purchased and is charged properly",
                "fullTitle": "Admin Retail purchase scenarios - chrome A+ Habits can be purchased and is charged properly",
                "timedOut": false,
                "duration": 35463,
                "state": "passed",
                "speed": "slow",
                "pass": true,
                "fail": false,
                "pending": false,
                "code": "",
                "isRoot": false,
                "uuid": "5aafbaf3-ace5-448a-b5e6-127e3fc7a966",
                "parentUUID": "67bdccae-6bb9-4f9e-bf65-99bd703e5416",
                "skipped": false
              }
            ],
            "failures": [
              {
                "title": "Membership can be purchased and is charged properly",
                "fullTitle": "Admin Retail purchase scenarios - chrome Membership can be purchased and is charged properly",
                "timedOut": false,
                "duration": 33359,
                "state": "failed",
                "pass": false,
                "fail": true,
                "pending": false,
                "code": "",
                "err": {
                  "name": "AssertionError",
                  "message": "The user was not charged $99: expected '-$99.00' to equal '-DELETEME$99.00'",
                  "expected": "-DELETEME$99.00",
                  "actual": "-$99.00",
                  "stack": "AssertionError: The user was not charged $<span class=\"hljs-number\">99</span>: expected <span class=\"hljs-string\">'-$99.00'</span> to equal <span class=\"hljs-string\">'-DELETEME$99.00'</span><br>    at getBasePromise.then.then.newArgs (node_modules\\chai-<span class=\"hljs-keyword\">as</span>-promised\\lib\\chai-<span class=\"hljs-keyword\">as</span>-promised.js:<span class=\"hljs-number\">302</span>:<span class=\"hljs-number\">22</span>)<br>    at ManagedPromise.invokeCallback_ (node_modules\\selenium-webdriver\\lib\\promise.js:<span class=\"hljs-number\">1376</span>:<span class=\"hljs-number\">14</span>)<br>    at TaskQueue.execute_ (node_modules\\selenium-webdriver\\lib\\promise.js:<span class=\"hljs-number\">3084</span>:<span class=\"hljs-number\">14</span>)<br>    at TaskQueue.executeNext_ (node_modules\\selenium-webdriver\\lib\\promise.js:<span class=\"hljs-number\">3067</span>:<span class=\"hljs-number\">27</span>)<br>    at asyncRun (node_modules\\selenium-webdriver\\lib\\promise.js:<span class=\"hljs-number\">2927</span>:<span class=\"hljs-number\">27</span>)<br>    at E:\\RevPrepTester\\node_modules\\selenium-webdriver\\lib\\promise.js:<span class=\"hljs-number\">668</span>:<span class=\"hljs-number\">7</span><br>    at &lt;anonymous&gt;<br>    at process._tickCallback (internal/process/next_tick.js:<span class=\"hljs-number\">188</span>:<span class=\"hljs-number\">7</span>)<br>From: Task: Admin Retail purchase scenarios - chrome Membership can be purchased and is charged properly<br>    at Context.ret (node_modules\\selenium-webdriver\\testing\\index.js:<span class=\"hljs-number\">182</span>:<span class=\"hljs-number\">10</span>)"
                },
                "isRoot": false,
                "uuid": "227f3db9-b0da-4a62-a31a-8e854d2a0c82",
                "parentUUID": "67bdccae-6bb9-4f9e-bf65-99bd703e5416",
                "skipped": false
              }
            ],
            "skipped": [],
            "hasTests": true,
            "hasSuites": false,
            "totalTests": 2,
            "totalPasses": 1,
            "totalFailures": 1,
            "totalPending": 0,
            "totalSkipped": 0,
            "hasPasses": true,
            "hasFailures": true,
            "hasPending": false,
            "hasSkipped": false,
            "duration": 68822
          },
          "ctx": "[Circular ~.allHooks.2.ctx]",
          "file": "E:\\RevPrepTester\\test\\purchasing.js",
          "_events": {},
          "_eventsCount": 1,
          "duration": 0,
          "_error": null
        },
        "test": {
          "title": "\"after each\" hook",
          "body": "function (){\r\n      if (this.currentTest.state == 'failed') {\r\n        addContext(this, 'this is some context after a fail');\r\n        addContext(this, 'mochawesome-report/screenshots/'+this.test.title.replace(/ /g,\"_\")+'.png');\r\n      page.screenshot(this.test.title.replace(/ /g,\"_\"))\r\n    }\r\n      if(Dev){\r\n        return\r\n      }\r\n      page.quit();\r\n    }",
          "async": 0,
          "sync": true,
          "_timeout": 60000,
          "_slow": 75,
          "_enableTimeouts": true,
          "timedOut": false,
          "_retries": -1,
          "_currentRetry": 0,
          "pending": false,
          "type": "hook",
          "parent": {
            "title": "Admin Retail purchase scenarios - chrome",
            "suites": [],
            "tests": [
              {
                "title": "Membership can be purchased and is charged properly",
                "fullTitle": "Admin Retail purchase scenarios - chrome Membership can be purchased and is charged properly",
                "timedOut": false,
                "duration": 33359,
                "state": "failed",
                "pass": false,
                "fail": true,
                "pending": false,
                "code": "",
                "err": {
                  "name": "AssertionError",
                  "message": "The user was not charged $99: expected '-$99.00' to equal '-DELETEME$99.00'",
                  "expected": "-DELETEME$99.00",
                  "actual": "-$99.00",
                  "stack": "AssertionError: The user was not charged $<span class=\"hljs-number\">99</span>: expected <span class=\"hljs-string\">'-$99.00'</span> to equal <span class=\"hljs-string\">'-DELETEME$99.00'</span><br>    at getBasePromise.then.then.newArgs (node_modules\\chai-<span class=\"hljs-keyword\">as</span>-promised\\lib\\chai-<span class=\"hljs-keyword\">as</span>-promised.js:<span class=\"hljs-number\">302</span>:<span class=\"hljs-number\">22</span>)<br>    at ManagedPromise.invokeCallback_ (node_modules\\selenium-webdriver\\lib\\promise.js:<span class=\"hljs-number\">1376</span>:<span class=\"hljs-number\">14</span>)<br>    at TaskQueue.execute_ (node_modules\\selenium-webdriver\\lib\\promise.js:<span class=\"hljs-number\">3084</span>:<span class=\"hljs-number\">14</span>)<br>    at TaskQueue.executeNext_ (node_modules\\selenium-webdriver\\lib\\promise.js:<span class=\"hljs-number\">3067</span>:<span class=\"hljs-number\">27</span>)<br>    at asyncRun (node_modules\\selenium-webdriver\\lib\\promise.js:<span class=\"hljs-number\">2927</span>:<span class=\"hljs-number\">27</span>)<br>    at E:\\RevPrepTester\\node_modules\\selenium-webdriver\\lib\\promise.js:<span class=\"hljs-number\">668</span>:<span class=\"hljs-number\">7</span><br>    at &lt;anonymous&gt;<br>    at process._tickCallback (internal/process/next_tick.js:<span class=\"hljs-number\">188</span>:<span class=\"hljs-number\">7</span>)<br>From: Task: Admin Retail purchase scenarios - chrome Membership can be purchased and is charged properly<br>    at Context.ret (node_modules\\selenium-webdriver\\testing\\index.js:<span class=\"hljs-number\">182</span>:<span class=\"hljs-number\">10</span>)"
                },
                "isRoot": false,
                "uuid": "227f3db9-b0da-4a62-a31a-8e854d2a0c82",
                "parentUUID": "67bdccae-6bb9-4f9e-bf65-99bd703e5416",
                "skipped": false
              },
              {
                "title": "A+ Habits can be purchased and is charged properly",
                "fullTitle": "Admin Retail purchase scenarios - chrome A+ Habits can be purchased and is charged properly",
                "timedOut": false,
                "duration": 35463,
                "state": "passed",
                "speed": "slow",
                "pass": true,
                "fail": false,
                "pending": false,
                "code": "",
                "isRoot": false,
                "uuid": "5aafbaf3-ace5-448a-b5e6-127e3fc7a966",
                "parentUUID": "67bdccae-6bb9-4f9e-bf65-99bd703e5416",
                "skipped": false
              }
            ],
            "pending": [],
            "root": false,
            "_timeout": 60000,
            "file": "\\test\\purchasing.js",
            "uuid": "67bdccae-6bb9-4f9e-bf65-99bd703e5416",
            "fullFile": "E:\\RevPrepTester\\test\\purchasing.js",
            "passes": [
              {
                "title": "A+ Habits can be purchased and is charged properly",
                "fullTitle": "Admin Retail purchase scenarios - chrome A+ Habits can be purchased and is charged properly",
                "timedOut": false,
                "duration": 35463,
                "state": "passed",
                "speed": "slow",
                "pass": true,
                "fail": false,
                "pending": false,
                "code": "",
                "isRoot": false,
                "uuid": "5aafbaf3-ace5-448a-b5e6-127e3fc7a966",
                "parentUUID": "67bdccae-6bb9-4f9e-bf65-99bd703e5416",
                "skipped": false
              }
            ],
            "failures": [
              {
                "title": "Membership can be purchased and is charged properly",
                "fullTitle": "Admin Retail purchase scenarios - chrome Membership can be purchased and is charged properly",
                "timedOut": false,
                "duration": 33359,
                "state": "failed",
                "pass": false,
                "fail": true,
                "pending": false,
                "code": "",
                "err": {
                  "name": "AssertionError",
                  "message": "The user was not charged $99: expected '-$99.00' to equal '-DELETEME$99.00'",
                  "expected": "-DELETEME$99.00",
                  "actual": "-$99.00",
                  "stack": "AssertionError: The user was not charged $<span class=\"hljs-number\">99</span>: expected <span class=\"hljs-string\">'-$99.00'</span> to equal <span class=\"hljs-string\">'-DELETEME$99.00'</span><br>    at getBasePromise.then.then.newArgs (node_modules\\chai-<span class=\"hljs-keyword\">as</span>-promised\\lib\\chai-<span class=\"hljs-keyword\">as</span>-promised.js:<span class=\"hljs-number\">302</span>:<span class=\"hljs-number\">22</span>)<br>    at ManagedPromise.invokeCallback_ (node_modules\\selenium-webdriver\\lib\\promise.js:<span class=\"hljs-number\">1376</span>:<span class=\"hljs-number\">14</span>)<br>    at TaskQueue.execute_ (node_modules\\selenium-webdriver\\lib\\promise.js:<span class=\"hljs-number\">3084</span>:<span class=\"hljs-number\">14</span>)<br>    at TaskQueue.executeNext_ (node_modules\\selenium-webdriver\\lib\\promise.js:<span class=\"hljs-number\">3067</span>:<span class=\"hljs-number\">27</span>)<br>    at asyncRun (node_modules\\selenium-webdriver\\lib\\promise.js:<span class=\"hljs-number\">2927</span>:<span class=\"hljs-number\">27</span>)<br>    at E:\\RevPrepTester\\node_modules\\selenium-webdriver\\lib\\promise.js:<span class=\"hljs-number\">668</span>:<span class=\"hljs-number\">7</span><br>    at &lt;anonymous&gt;<br>    at process._tickCallback (internal/process/next_tick.js:<span class=\"hljs-number\">188</span>:<span class=\"hljs-number\">7</span>)<br>From: Task: Admin Retail purchase scenarios - chrome Membership can be purchased and is charged properly<br>    at Context.ret (node_modules\\selenium-webdriver\\testing\\index.js:<span class=\"hljs-number\">182</span>:<span class=\"hljs-number\">10</span>)"
                },
                "isRoot": false,
                "uuid": "227f3db9-b0da-4a62-a31a-8e854d2a0c82",
                "parentUUID": "67bdccae-6bb9-4f9e-bf65-99bd703e5416",
                "skipped": false
              }
            ],
            "skipped": [],
            "hasTests": true,
            "hasSuites": false,
            "totalTests": 2,
            "totalPasses": 1,
            "totalFailures": 1,
            "totalPending": 0,
            "totalSkipped": 0,
            "hasPasses": true,
            "hasFailures": true,
            "hasPending": false,
            "hasSkipped": false,
            "duration": 68822
          },
          "ctx": "[Circular ~.allHooks.2.ctx]",
          "file": "E:\\RevPrepTester\\test\\purchasing.js",
          "_events": {},
          "_eventsCount": 1,
          "duration": 0,
          "_error": null
        }
      },
      "file": "E:\\RevPrepTester\\test\\purchasing.js",
      "_events": {},
      "_eventsCount": 1,
      "duration": 1,
      "_error": null
    },
    {
      "title": "\"after each\" hook",
      "body": "function (){\r\n      if (this.currentTest.state == 'failed') {\r\n        addContext(this, 'this is some context after a fail');\r\n        addContext(this, 'mochawesome-report/screenshots/'+this.test.title.replace(/ /g,\"_\")+'.png');\r\n      page.screenshot(this.test.title.replace(/ /g,\"_\"))\r\n    }\r\n      if(Dev){\r\n        return\r\n      }\r\n      page.quit();\r\n    }",
      "async": 0,
      "sync": true,
      "_timeout": 60000,
      "_slow": 75,
      "_enableTimeouts": true,
      "timedOut": false,
      "_retries": -1,
      "_currentRetry": 0,
      "pending": false,
      "type": "hook",
      "parent": {
        "title": "Admin Retail purchase scenarios - chrome",
        "suites": [],
        "tests": [
          {
            "title": "Membership can be purchased and is charged properly",
            "fullTitle": "Admin Retail purchase scenarios - chrome Membership can be purchased and is charged properly",
            "timedOut": false,
            "duration": 33359,
            "state": "failed",
            "pass": false,
            "fail": true,
            "pending": false,
            "code": "",
            "err": {
              "name": "AssertionError",
              "message": "The user was not charged $99: expected '-$99.00' to equal '-DELETEME$99.00'",
              "expected": "-DELETEME$99.00",
              "actual": "-$99.00",
              "stack": "AssertionError: The user was not charged $<span class=\"hljs-number\">99</span>: expected <span class=\"hljs-string\">'-$99.00'</span> to equal <span class=\"hljs-string\">'-DELETEME$99.00'</span><br>    at getBasePromise.then.then.newArgs (node_modules\\chai-<span class=\"hljs-keyword\">as</span>-promised\\lib\\chai-<span class=\"hljs-keyword\">as</span>-promised.js:<span class=\"hljs-number\">302</span>:<span class=\"hljs-number\">22</span>)<br>    at ManagedPromise.invokeCallback_ (node_modules\\selenium-webdriver\\lib\\promise.js:<span class=\"hljs-number\">1376</span>:<span class=\"hljs-number\">14</span>)<br>    at TaskQueue.execute_ (node_modules\\selenium-webdriver\\lib\\promise.js:<span class=\"hljs-number\">3084</span>:<span class=\"hljs-number\">14</span>)<br>    at TaskQueue.executeNext_ (node_modules\\selenium-webdriver\\lib\\promise.js:<span class=\"hljs-number\">3067</span>:<span class=\"hljs-number\">27</span>)<br>    at asyncRun (node_modules\\selenium-webdriver\\lib\\promise.js:<span class=\"hljs-number\">2927</span>:<span class=\"hljs-number\">27</span>)<br>    at E:\\RevPrepTester\\node_modules\\selenium-webdriver\\lib\\promise.js:<span class=\"hljs-number\">668</span>:<span class=\"hljs-number\">7</span><br>    at &lt;anonymous&gt;<br>    at process._tickCallback (internal/process/next_tick.js:<span class=\"hljs-number\">188</span>:<span class=\"hljs-number\">7</span>)<br>From: Task: Admin Retail purchase scenarios - chrome Membership can be purchased and is charged properly<br>    at Context.ret (node_modules\\selenium-webdriver\\testing\\index.js:<span class=\"hljs-number\">182</span>:<span class=\"hljs-number\">10</span>)"
            },
            "isRoot": false,
            "uuid": "227f3db9-b0da-4a62-a31a-8e854d2a0c82",
            "parentUUID": "67bdccae-6bb9-4f9e-bf65-99bd703e5416",
            "skipped": false
          },
          {
            "title": "A+ Habits can be purchased and is charged properly",
            "fullTitle": "Admin Retail purchase scenarios - chrome A+ Habits can be purchased and is charged properly",
            "timedOut": false,
            "duration": 35463,
            "state": "passed",
            "speed": "slow",
            "pass": true,
            "fail": false,
            "pending": false,
            "code": "",
            "isRoot": false,
            "uuid": "5aafbaf3-ace5-448a-b5e6-127e3fc7a966",
            "parentUUID": "67bdccae-6bb9-4f9e-bf65-99bd703e5416",
            "skipped": false
          }
        ],
        "pending": [],
        "root": false,
        "_timeout": 60000,
        "file": "\\test\\purchasing.js",
        "uuid": "67bdccae-6bb9-4f9e-bf65-99bd703e5416",
        "fullFile": "E:\\RevPrepTester\\test\\purchasing.js",
        "passes": [
          {
            "title": "A+ Habits can be purchased and is charged properly",
            "fullTitle": "Admin Retail purchase scenarios - chrome A+ Habits can be purchased and is charged properly",
            "timedOut": false,
            "duration": 35463,
            "state": "passed",
            "speed": "slow",
            "pass": true,
            "fail": false,
            "pending": false,
            "code": "",
            "isRoot": false,
            "uuid": "5aafbaf3-ace5-448a-b5e6-127e3fc7a966",
            "parentUUID": "67bdccae-6bb9-4f9e-bf65-99bd703e5416",
            "skipped": false
          }
        ],
        "failures": [
          {
            "title": "Membership can be purchased and is charged properly",
            "fullTitle": "Admin Retail purchase scenarios - chrome Membership can be purchased and is charged properly",
            "timedOut": false,
            "duration": 33359,
            "state": "failed",
            "pass": false,
            "fail": true,
            "pending": false,
            "code": "",
            "err": {
              "name": "AssertionError",
              "message": "The user was not charged $99: expected '-$99.00' to equal '-DELETEME$99.00'",
              "expected": "-DELETEME$99.00",
              "actual": "-$99.00",
              "stack": "AssertionError: The user was not charged $<span class=\"hljs-number\">99</span>: expected <span class=\"hljs-string\">'-$99.00'</span> to equal <span class=\"hljs-string\">'-DELETEME$99.00'</span><br>    at getBasePromise.then.then.newArgs (node_modules\\chai-<span class=\"hljs-keyword\">as</span>-promised\\lib\\chai-<span class=\"hljs-keyword\">as</span>-promised.js:<span class=\"hljs-number\">302</span>:<span class=\"hljs-number\">22</span>)<br>    at ManagedPromise.invokeCallback_ (node_modules\\selenium-webdriver\\lib\\promise.js:<span class=\"hljs-number\">1376</span>:<span class=\"hljs-number\">14</span>)<br>    at TaskQueue.execute_ (node_modules\\selenium-webdriver\\lib\\promise.js:<span class=\"hljs-number\">3084</span>:<span class=\"hljs-number\">14</span>)<br>    at TaskQueue.executeNext_ (node_modules\\selenium-webdriver\\lib\\promise.js:<span class=\"hljs-number\">3067</span>:<span class=\"hljs-number\">27</span>)<br>    at asyncRun (node_modules\\selenium-webdriver\\lib\\promise.js:<span class=\"hljs-number\">2927</span>:<span class=\"hljs-number\">27</span>)<br>    at E:\\RevPrepTester\\node_modules\\selenium-webdriver\\lib\\promise.js:<span class=\"hljs-number\">668</span>:<span class=\"hljs-number\">7</span><br>    at &lt;anonymous&gt;<br>    at process._tickCallback (internal/process/next_tick.js:<span class=\"hljs-number\">188</span>:<span class=\"hljs-number\">7</span>)<br>From: Task: Admin Retail purchase scenarios - chrome Membership can be purchased and is charged properly<br>    at Context.ret (node_modules\\selenium-webdriver\\testing\\index.js:<span class=\"hljs-number\">182</span>:<span class=\"hljs-number\">10</span>)"
            },
            "isRoot": false,
            "uuid": "227f3db9-b0da-4a62-a31a-8e854d2a0c82",
            "parentUUID": "67bdccae-6bb9-4f9e-bf65-99bd703e5416",
            "skipped": false
          }
        ],
        "skipped": [],
        "hasTests": true,
        "hasSuites": false,
        "totalTests": 2,
        "totalPasses": 1,
        "totalFailures": 1,
        "totalPending": 0,
        "totalSkipped": 0,
        "hasPasses": true,
        "hasFailures": true,
        "hasPending": false,
        "hasSkipped": false,
        "duration": 68822
      },
      "ctx": {
        "_runnable": "[Circular ~.allHooks.3]",
        "test": "[Circular ~.allHooks.3]"
      },
      "file": "E:\\RevPrepTester\\test\\purchasing.js",
      "_events": {},
      "_eventsCount": 1,
      "duration": 0,
      "_error": null
    }
  ],
  "allPending": [],
  "allPasses": [
    {
      "title": "A+ Habits can be purchased and is charged properly",
      "fullTitle": "Admin Retail purchase scenarios - chrome A+ Habits can be purchased and is charged properly",
      "timedOut": false,
      "duration": 35463,
      "state": "passed",
      "speed": "slow",
      "pass": true,
      "fail": false,
      "pending": false,
      "code": "",
      "isRoot": false,
      "uuid": "99a517a6-9261-4058-bbbd-3e6a92cd4cbe",
      "parentUUID": "67bdccae-6bb9-4f9e-bf65-99bd703e5416",
      "skipped": false
    }
  ],
  "allFailures": [
    {
      "title": "Membership can be purchased and is charged properly",
      "fullTitle": "Admin Retail purchase scenarios - chrome Membership can be purchased and is charged properly",
      "timedOut": false,
      "duration": 33359,
      "state": "failed",
      "pass": false,
      "fail": true,
      "pending": false,
      "code": "",
      "err": {
        "name": "AssertionError",
        "message": "The user was not charged $99: expected '-$99.00' to equal '-DELETEME$99.00'",
        "expected": "-DELETEME$99.00",
        "actual": "-$99.00",
        "stack": "AssertionError: The user was not charged $<span class=\"hljs-number\">99</span>: expected <span class=\"hljs-string\">'-$99.00'</span> to equal <span class=\"hljs-string\">'-DELETEME$99.00'</span><br>    at getBasePromise.then.then.newArgs (node_modules\\chai-<span class=\"hljs-keyword\">as</span>-promised\\lib\\chai-<span class=\"hljs-keyword\">as</span>-promised.js:<span class=\"hljs-number\">302</span>:<span class=\"hljs-number\">22</span>)<br>    at ManagedPromise.invokeCallback_ (node_modules\\selenium-webdriver\\lib\\promise.js:<span class=\"hljs-number\">1376</span>:<span class=\"hljs-number\">14</span>)<br>    at TaskQueue.execute_ (node_modules\\selenium-webdriver\\lib\\promise.js:<span class=\"hljs-number\">3084</span>:<span class=\"hljs-number\">14</span>)<br>    at TaskQueue.executeNext_ (node_modules\\selenium-webdriver\\lib\\promise.js:<span class=\"hljs-number\">3067</span>:<span class=\"hljs-number\">27</span>)<br>    at asyncRun (node_modules\\selenium-webdriver\\lib\\promise.js:<span class=\"hljs-number\">2927</span>:<span class=\"hljs-number\">27</span>)<br>    at E:\\RevPrepTester\\node_modules\\selenium-webdriver\\lib\\promise.js:<span class=\"hljs-number\">668</span>:<span class=\"hljs-number\">7</span><br>    at &lt;anonymous&gt;<br>    at process._tickCallback (internal/process/next_tick.js:<span class=\"hljs-number\">188</span>:<span class=\"hljs-number\">7</span>)<br>From: Task: Admin Retail purchase scenarios - chrome Membership can be purchased and is charged properly<br>    at Context.ret (node_modules\\selenium-webdriver\\testing\\index.js:<span class=\"hljs-number\">182</span>:<span class=\"hljs-number\">10</span>)"
      },
      "isRoot": false,
      "uuid": "5a0fc649-bf97-4228-a9ce-5134ae91d492",
      "parentUUID": "67bdccae-6bb9-4f9e-bf65-99bd703e5416",
      "skipped": false
    }
  ]
}